<?xml version="1.0" encoding="UTF-8"?>
<!-- Generated by org.testng.reporters.JUnitXMLReporter -->
<testsuite ignored="0" hostname="gunjanpr" failures="0" tests="1" name="Test-Runner2" time="0.07" errors="0" timestamp="2023-11-27T07:20:59 IST">
  <testcase classname="com.praticepackage.CrossBrowserTesting" name="@BeforeTest setup" time="-1.701049859704E9">
    <failure type="org.testng.TestNGException" message="
Parameter &amp;apos;browser&amp;apos; is required by BeforeTest on method setup but has not been marked @Optional or defined
in C:\Users\91891\eclipse-workspace\com.otm.Yatrisuvidha\testngParallel.xml">
      <![CDATA[org.testng.TestNGException: 
Parameter 'browser' is required by BeforeTest on method setup but has not been marked @Optional or defined
in C:\Users\91891\eclipse-workspace\com.otm.Yatrisuvidha\testngParallel.xml
at java.base/java.util.concurrent.FutureTask.run(FutureTask.java:264)
at java.base/java.util.concurrent.ThreadPoolExecutor.runWorker(ThreadPoolExecutor.java:1136)
at java.base/java.util.concurrent.ThreadPoolExecutor$Worker.run(ThreadPoolExecutor.java:635)
at java.base/java.lang.Thread.run(Thread.java:833)
... Removed 12 stack frames]]>
    </failure>
  </testcase> <!-- @BeforeTest setup -->
  <testcase classname="com.praticepackage.CrossBrowserTesting" name="verifytitle" time="0.0">
    <skipped/>
  </testcase> <!-- verifytitle -->
</testsuite> <!-- Test-Runner2 -->
